This file contains any messages produced by compilers while
running configure, to aid debugging if configure makes a mistake.

It was created by SystemC configure 2.3.4, which was
generated by GNU Autoconf 2.69.  Invocation command line was

  $ ./configure 

## --------- ##
## Platform. ##
## --------- ##

hostname = ishna-Yoga-7
uname -m = x86_64
uname -r = 5.15.0-79-generic
uname -s = Linux
uname -v = #86~20.04.2-Ubuntu SMP Mon Jul 17 23:27:17 UTC 2023

/usr/bin/uname -p = x86_64
/bin/uname -X     = unknown

/bin/arch              = x86_64
/usr/bin/arch -k       = unknown
/usr/convex/getsysinfo = unknown
/usr/bin/hostinfo      = unknown
/bin/machine           = unknown
/usr/bin/oslevel       = unknown
/bin/universe          = unknown

PATH: /usr/local/sbin
PATH: /usr/local/bin
PATH: /usr/sbin
PATH: /usr/bin
PATH: /sbin
PATH: /bin
PATH: /usr/games
PATH: /usr/local/games
PATH: /snap/bin


## ----------- ##
## Core tests. ##
## ----------- ##

configure:2394: checking build system type
configure:2408: result: x86_64-unknown-linux-gnu
configure:2428: checking host system type
configure:2441: result: x86_64-unknown-linux-gnu
configure:2461: checking target system type
configure:2474: result: x86_64-unknown-linux-gnu
configure:2517: checking for a BSD-compatible install
configure:2585: result: /usr/bin/install -c
configure:2596: checking whether build environment is sane
configure:2651: result: yes
configure:2800: checking for a thread-safe mkdir -p
configure:2839: result: /usr/bin/mkdir -p
configure:2846: checking for gawk
configure:2876: result: no
configure:2846: checking for mawk
configure:2862: found /usr/bin/mawk
configure:2873: result: mawk
configure:2884: checking whether make sets $(MAKE)
configure:2906: result: yes
configure:2935: checking whether make supports nested variables
configure:2952: result: yes
configure:3022: checking how to create a pax tar archive
configure:3033: tar --version
tar (GNU tar) 1.30
Copyright (C) 2017 Free Software Foundation, Inc.
License GPLv3+: GNU GPL version 3 or later <https://gnu.org/licenses/gpl.html>.
This is free software: you are free to change and redistribute it.
There is NO WARRANTY, to the extent permitted by law.

Written by John Gilmore and Jay Fenlason.
configure:3036: $? = 0
configure:3076: tardir=conftest.dir && eval tar --format=posix -chf - "$tardir" >conftest.tar
configure:3079: $? = 0
configure:3083: tar -xf - <conftest.tar
configure:3086: $? = 0
configure:3088: cat conftest.dir/file
GrepMe
configure:3091: $? = 0
configure:3104: result: gnutar
configure:3166: checking whether make supports nested variables
configure:3183: result: yes
configure:3311: checking for C++ compiler version
configure:3320: g++ --version >&5
g++ (Ubuntu 9.4.0-1ubuntu1~20.04.2) 9.4.0
Copyright (C) 2019 Free Software Foundation, Inc.
This is free software; see the source for copying conditions.  There is NO
warranty; not even for MERCHANTABILITY or FITNESS FOR A PARTICULAR PURPOSE.

configure:3331: $? = 0
configure:3320: g++ -v >&5
Using built-in specs.
COLLECT_GCC=g++
COLLECT_LTO_WRAPPER=/usr/lib/gcc/x86_64-linux-gnu/9/lto-wrapper
OFFLOAD_TARGET_NAMES=nvptx-none:hsa
OFFLOAD_TARGET_DEFAULT=1
Target: x86_64-linux-gnu
Configured with: ../src/configure -v --with-pkgversion='Ubuntu 9.4.0-1ubuntu1~20.04.2' --with-bugurl=file:///usr/share/doc/gcc-9/README.Bugs --enable-languages=c,ada,c++,go,brig,d,fortran,objc,obj-c++,gm2 --prefix=/usr --with-gcc-major-version-only --program-suffix=-9 --program-prefix=x86_64-linux-gnu- --enable-shared --enable-linker-build-id --libexecdir=/usr/lib --without-included-gettext --enable-threads=posix --libdir=/usr/lib --enable-nls --enable-clocale=gnu --enable-libstdcxx-debug --enable-libstdcxx-time=yes --with-default-libstdcxx-abi=new --enable-gnu-unique-object --disable-vtable-verify --enable-plugin --enable-default-pie --with-system-zlib --with-target-system-zlib=auto --enable-objc-gc=auto --enable-multiarch --disable-werror --with-arch-32=i686 --with-abi=m64 --with-multilib-list=m32,m64,mx32 --enable-multilib --with-tune=generic --enable-offload-targets=nvptx-none=/build/gcc-9-9QDOt0/gcc-9-9.4.0/debian/tmp-nvptx/usr,hsa --without-cuda-driver --enable-checking=release --build=x86_64-linux-gnu --host=x86_64-linux-gnu --target=x86_64-linux-gnu
Thread model: posix
gcc version 9.4.0 (Ubuntu 9.4.0-1ubuntu1~20.04.2) 
configure:3331: $? = 0
configure:3320: g++ -V >&5
g++: error: unrecognized command line option '-V'
g++: fatal error: no input files
compilation terminated.
configure:3331: $? = 1
configure:3320: g++ -qversion >&5
g++: error: unrecognized command line option '-qversion'; did you mean '--version'?
g++: fatal error: no input files
compilation terminated.
configure:3331: $? = 1
configure:3351: checking whether the C++ compiler works
configure:3373: g++    conftest.cpp  >&5
configure:3377: $? = 0
configure:3425: result: yes
configure:3428: checking for C++ compiler default output file name
configure:3430: result: a.out
configure:3436: checking for suffix of executables
configure:3443: g++ -o conftest    conftest.cpp  >&5
configure:3447: $? = 0
configure:3469: result: 
configure:3491: checking whether we are cross compiling
configure:3499: g++ -o conftest    conftest.cpp  >&5
configure:3503: $? = 0
configure:3510: ./conftest
configure:3514: $? = 0
configure:3502: result: no
configure:3507: checking for suffix of object files
configure:3529: g++ -c   conftest.cpp >&5
configure:3533: $? = 0
configure:3554: result: o
configure:3558: checking whether we are using the GNU C++ compiler
configure:3577: g++ -c   conftest.cpp >&5
configure:3577: $? = 0
configure:3586: result: yes
configure:3595: checking whether g++ accepts -g
configure:3615: g++ -c -g  conftest.cpp >&5
configure:3615: $? = 0
configure:3656: result: yes
configure:3682: checking whether make supports the include directive
configure:3697: make -f confmf.GNU && cat confinc.out
this is the am__doit target
configure:3700: $? = 0
configure:3719: result: yes (GNU style)
configure:3744: checking dependency style of g++
configure:3855: result: gcc3
configure:3874: checking whether we are using a Clang/LLVM C++ compiler
configure:3900: g++ -c   conftest.cpp >&5
conftest.cpp: In function 'int main()':
conftest.cpp:15:5: error: 'clang' was not declared in this scope
   15 | not clang
      |     ^~~~~
configure:3900: $? = 1
configure: failed program was:
| /* confdefs.h */
| #define PACKAGE_NAME "SystemC"
| #define PACKAGE_TARNAME "systemc"
| #define PACKAGE_VERSION "2.3.4"
| #define PACKAGE_STRING "SystemC 2.3.4"
| #define PACKAGE_BUGREPORT "http://forums.accellera.org/forum/9-systemc/"
| #define PACKAGE_URL "http://accellera.org/"
| /* end confdefs.h.  */
| 
| int
| main ()
| {
| 
| #ifndef __clang__
| not clang
| #endif
| 
|   ;
|   return 0;
| }
configure:3913: result: no
configure:3965: checking for gcc
configure:3992: result: g++
configure:4221: checking for C compiler version
configure:4230: g++ --version >&5
g++ (Ubuntu 9.4.0-1ubuntu1~20.04.2) 9.4.0
Copyright (C) 2019 Free Software Foundation, Inc.
This is free software; see the source for copying conditions.  There is NO
warranty; not even for MERCHANTABILITY or FITNESS FOR A PARTICULAR PURPOSE.

configure:4241: $? = 0
configure:4230: g++ -v >&5
Using built-in specs.
COLLECT_GCC=g++
COLLECT_LTO_WRAPPER=/usr/lib/gcc/x86_64-linux-gnu/9/lto-wrapper
OFFLOAD_TARGET_NAMES=nvptx-none:hsa
OFFLOAD_TARGET_DEFAULT=1
Target: x86_64-linux-gnu
Configured with: ../src/configure -v --with-pkgversion='Ubuntu 9.4.0-1ubuntu1~20.04.2' --with-bugurl=file:///usr/share/doc/gcc-9/README.Bugs --enable-languages=c,ada,c++,go,brig,d,fortran,objc,obj-c++,gm2 --prefix=/usr --with-gcc-major-version-only --program-suffix=-9 --program-prefix=x86_64-linux-gnu- --enable-shared --enable-linker-build-id --libexecdir=/usr/lib --without-included-gettext --enable-threads=posix --libdir=/usr/lib --enable-nls --enable-clocale=gnu --enable-libstdcxx-debug --enable-libstdcxx-time=yes --with-default-libstdcxx-abi=new --enable-gnu-unique-object --disable-vtable-verify --enable-plugin --enable-default-pie --with-system-zlib --with-target-system-zlib=auto --enable-objc-gc=auto --enable-multiarch --disable-werror --with-arch-32=i686 --with-abi=m64 --with-multilib-list=m32,m64,mx32 --enable-multilib --with-tune=generic --enable-offload-targets=nvptx-none=/build/gcc-9-9QDOt0/gcc-9-9.4.0/debian/tmp-nvptx/usr,hsa --without-cuda-driver --enable-checking=release --build=x86_64-linux-gnu --host=x86_64-linux-gnu --target=x86_64-linux-gnu
Thread model: posix
gcc version 9.4.0 (Ubuntu 9.4.0-1ubuntu1~20.04.2) 
configure:4241: $? = 0
configure:4230: g++ -V >&5
g++: error: unrecognized command line option '-V'
g++: fatal error: no input files
compilation terminated.
configure:4241: $? = 1
configure:4230: g++ -qversion >&5
g++: error: unrecognized command line option '-qversion'; did you mean '--version'?
g++: fatal error: no input files
compilation terminated.
configure:4241: $? = 1
configure:4245: checking whether we are using the GNU C compiler
configure:4264: g++ -c   conftest.c >&5
configure:4264: $? = 0
configure:4273: result: yes
configure:4282: checking whether g++ accepts -g
configure:4302: g++ -c -g  conftest.c >&5
configure:4302: $? = 0
configure:4343: result: yes
configure:4360: checking for g++ option to accept ISO C89
configure:4423: g++  -c   conftest.c >&5
conftest.c:15:17: error: 'p' was not declared in this scope
   15 | static char *e (p, i)
      |                 ^
conftest.c:15:20: error: 'i' was not declared in this scope
   15 | static char *e (p, i)
      |                    ^
conftest.c:15:21: error: expression list treated as compound expression in initializer [-fpermissive]
   15 | static char *e (p, i)
      |                     ^
conftest.c:18:1: error: expected unqualified-id before '{' token
   18 | {
      | ^
conftest.c: In function 'int main()':
conftest.c:54:11: error: cannot convert 'char*' to 'char* (*)(char**, int)'
   54 | return f (e, argv, 0) != argv[0]  ||  f (e, argv, 1) != argv[1];
      |           ^
      |           |
      |           char*
conftest.c:21:26: note:   initializing argument 1 of 'char* f(char* (*)(char**, int), char**, ...)'
   21 | static char *f (char * (*g) (char **, int), char **p, ...)
      |                 ~~~~~~~~~^~~~~~~~~~~~~~~~~
conftest.c:54:42: error: cannot convert 'char*' to 'char* (*)(char**, int)'
   54 | return f (e, argv, 0) != argv[0]  ||  f (e, argv, 1) != argv[1];
      |                                          ^
      |                                          |
      |                                          char*
conftest.c:21:26: note:   initializing argument 1 of 'char* f(char* (*)(char**, int), char**, ...)'
   21 | static char *f (char * (*g) (char **, int), char **p, ...)
      |                 ~~~~~~~~~^~~~~~~~~~~~~~~~~
configure:4423: $? = 1
configure: failed program was:
| /* confdefs.h */
| #define PACKAGE_NAME "SystemC"
| #define PACKAGE_TARNAME "systemc"
| #define PACKAGE_VERSION "2.3.4"
| #define PACKAGE_STRING "SystemC 2.3.4"
| #define PACKAGE_BUGREPORT "http://forums.accellera.org/forum/9-systemc/"
| #define PACKAGE_URL "http://accellera.org/"
| /* end confdefs.h.  */
| #include <stdarg.h>
| #include <stdio.h>
| struct stat;
| /* Most of the following tests are stolen from RCS 5.7's src/conf.sh.  */
| struct buf { int x; };
| FILE * (*rcsopen) (struct buf *, struct stat *, int);
| static char *e (p, i)
|      char **p;
|      int i;
| {
|   return p[i];
| }
| static char *f (char * (*g) (char **, int), char **p, ...)
| {
|   char *s;
|   va_list v;
|   va_start (v,p);
|   s = g (p, va_arg (v,int));
|   va_end (v);
|   return s;
| }
| 
| /* OSF 4.0 Compaq cc is some sort of almost-ANSI by default.  It has
|    function prototypes and stuff, but not '\xHH' hex character constants.
|    These don't provoke an error unfortunately, instead are silently treated
|    as 'x'.  The following induces an error, until -std is added to get
|    proper ANSI mode.  Curiously '\x00'!='x' always comes out true, for an
|    array size at least.  It's necessary to write '\x00'==0 to get something
|    that's true only with -std.  */
| int osf4_cc_array ['\x00' == 0 ? 1 : -1];
| 
| /* IBM C 6 for AIX is almost-ANSI by default, but it replaces macro parameters
|    inside strings and character constants.  */
| #define FOO(x) 'x'
| int xlc6_cc_array[FOO(a) == 'x' ? 1 : -1];
| 
| int test (int i, double x);
| struct s1 {int (*f) (int a);};
| struct s2 {int (*f) (double a);};
| int pairnames (int, char **, FILE *(*)(struct buf *, struct stat *, int), int, int);
| int argc;
| char **argv;
| int
| main ()
| {
| return f (e, argv, 0) != argv[0]  ||  f (e, argv, 1) != argv[1];
|   ;
|   return 0;
| }
configure:4423: g++ -qlanglvl=extc89 -c   conftest.c >&5
g++: error: unrecognized command line option '-qlanglvl=extc89'
configure:4423: $? = 1
configure: failed program was:
| /* confdefs.h */
| #define PACKAGE_NAME "SystemC"
| #define PACKAGE_TARNAME "systemc"
| #define PACKAGE_VERSION "2.3.4"
| #define PACKAGE_STRING "SystemC 2.3.4"
| #define PACKAGE_BUGREPORT "http://forums.accellera.org/forum/9-systemc/"
| #define PACKAGE_URL "http://accellera.org/"
| /* end confdefs.h.  */
| #include <stdarg.h>
| #include <stdio.h>
| struct stat;
| /* Most of the following tests are stolen from RCS 5.7's src/conf.sh.  */
| struct buf { int x; };
| FILE * (*rcsopen) (struct buf *, struct stat *, int);
| static char *e (p, i)
|      char **p;
|      int i;
| {
|   return p[i];
| }
| static char *f (char * (*g) (char **, int), char **p, ...)
| {
|   char *s;
|   va_list v;
|   va_start (v,p);
|   s = g (p, va_arg (v,int));
|   va_end (v);
|   return s;
| }
| 
| /* OSF 4.0 Compaq cc is some sort of almost-ANSI by default.  It has
|    function prototypes and stuff, but not '\xHH' hex character constants.
|    These don't provoke an error unfortunately, instead are silently treated
|    as 'x'.  The following induces an error, until -std is added to get
|    proper ANSI mode.  Curiously '\x00'!='x' always comes out true, for an
|    array size at least.  It's necessary to write '\x00'==0 to get something
|    that's true only with -std.  */
| int osf4_cc_array ['\x00' == 0 ? 1 : -1];
| 
| /* IBM C 6 for AIX is almost-ANSI by default, but it replaces macro parameters
|    inside strings and character constants.  */
| #define FOO(x) 'x'
| int xlc6_cc_array[FOO(a) == 'x' ? 1 : -1];
| 
| int test (int i, double x);
| struct s1 {int (*f) (int a);};
| struct s2 {int (*f) (double a);};
| int pairnames (int, char **, FILE *(*)(struct buf *, struct stat *, int), int, int);
| int argc;
| char **argv;
| int
| main ()
| {
| return f (e, argv, 0) != argv[0]  ||  f (e, argv, 1) != argv[1];
|   ;
|   return 0;
| }
configure:4423: g++ -qlanglvl=ansi -c   conftest.c >&5
g++: error: unrecognized command line option '-qlanglvl=ansi'
configure:4423: $? = 1
configure: failed program was:
| /* confdefs.h */
| #define PACKAGE_NAME "SystemC"
| #define PACKAGE_TARNAME "systemc"
| #define PACKAGE_VERSION "2.3.4"
| #define PACKAGE_STRING "SystemC 2.3.4"
| #define PACKAGE_BUGREPORT "http://forums.accellera.org/forum/9-systemc/"
| #define PACKAGE_URL "http://accellera.org/"
| /* end confdefs.h.  */
| #include <stdarg.h>
| #include <stdio.h>
| struct stat;
| /* Most of the following tests are stolen from RCS 5.7's src/conf.sh.  */
| struct buf { int x; };
| FILE * (*rcsopen) (struct buf *, struct stat *, int);
| static char *e (p, i)
|      char **p;
|      int i;
| {
|   return p[i];
| }
| static char *f (char * (*g) (char **, int), char **p, ...)
| {
|   char *s;
|   va_list v;
|   va_start (v,p);
|   s = g (p, va_arg (v,int));
|   va_end (v);
|   return s;
| }
| 
| /* OSF 4.0 Compaq cc is some sort of almost-ANSI by default.  It has
|    function prototypes and stuff, but not '\xHH' hex character constants.
|    These don't provoke an error unfortunately, instead are silently treated
|    as 'x'.  The following induces an error, until -std is added to get
|    proper ANSI mode.  Curiously '\x00'!='x' always comes out true, for an
|    array size at least.  It's necessary to write '\x00'==0 to get something
|    that's true only with -std.  */
| int osf4_cc_array ['\x00' == 0 ? 1 : -1];
| 
| /* IBM C 6 for AIX is almost-ANSI by default, but it replaces macro parameters
|    inside strings and character constants.  */
| #define FOO(x) 'x'
| int xlc6_cc_array[FOO(a) == 'x' ? 1 : -1];
| 
| int test (int i, double x);
| struct s1 {int (*f) (int a);};
| struct s2 {int (*f) (double a);};
| int pairnames (int, char **, FILE *(*)(struct buf *, struct stat *, int), int, int);
| int argc;
| char **argv;
| int
| main ()
| {
| return f (e, argv, 0) != argv[0]  ||  f (e, argv, 1) != argv[1];
|   ;
|   return 0;
| }
configure:4423: g++ -std -c   conftest.c >&5
g++: error: unrecognized command line option '-std'
configure:4423: $? = 1
configure: failed program was:
| /* confdefs.h */
| #define PACKAGE_NAME "SystemC"
| #define PACKAGE_TARNAME "systemc"
| #define PACKAGE_VERSION "2.3.4"
| #define PACKAGE_STRING "SystemC 2.3.4"
| #define PACKAGE_BUGREPORT "http://forums.accellera.org/forum/9-systemc/"
| #define PACKAGE_URL "http://accellera.org/"
| /* end confdefs.h.  */
| #include <stdarg.h>
| #include <stdio.h>
| struct stat;
| /* Most of the following tests are stolen from RCS 5.7's src/conf.sh.  */
| struct buf { int x; };
| FILE * (*rcsopen) (struct buf *, struct stat *, int);
| static char *e (p, i)
|      char **p;
|      int i;
| {
|   return p[i];
| }
| static char *f (char * (*g) (char **, int), char **p, ...)
| {
|   char *s;
|   va_list v;
|   va_start (v,p);
|   s = g (p, va_arg (v,int));
|   va_end (v);
|   return s;
| }
| 
| /* OSF 4.0 Compaq cc is some sort of almost-ANSI by default.  It has
|    function prototypes and stuff, but not '\xHH' hex character constants.
|    These don't provoke an error unfortunately, instead are silently treated
|    as 'x'.  The following induces an error, until -std is added to get
|    proper ANSI mode.  Curiously '\x00'!='x' always comes out true, for an
|    array size at least.  It's necessary to write '\x00'==0 to get something
|    that's true only with -std.  */
| int osf4_cc_array ['\x00' == 0 ? 1 : -1];
| 
| /* IBM C 6 for AIX is almost-ANSI by default, but it replaces macro parameters
|    inside strings and character constants.  */
| #define FOO(x) 'x'
| int xlc6_cc_array[FOO(a) == 'x' ? 1 : -1];
| 
| int test (int i, double x);
| struct s1 {int (*f) (int a);};
| struct s2 {int (*f) (double a);};
| int pairnames (int, char **, FILE *(*)(struct buf *, struct stat *, int), int, int);
| int argc;
| char **argv;
| int
| main ()
| {
| return f (e, argv, 0) != argv[0]  ||  f (e, argv, 1) != argv[1];
|   ;
|   return 0;
| }
configure:4423: g++ -Ae -c   conftest.c >&5
<command-line>: error: missing '(' after predicate
conftest.c:15:17: error: 'p' was not declared in this scope
   15 | static char *e (p, i)
      |                 ^
conftest.c:15:20: error: 'i' was not declared in this scope
   15 | static char *e (p, i)
      |                    ^
conftest.c:15:21: error: expression list treated as compound expression in initializer [-fpermissive]
   15 | static char *e (p, i)
      |                     ^
conftest.c:18:1: error: expected unqualified-id before '{' token
   18 | {
      | ^
conftest.c: In function 'int main()':
conftest.c:54:11: error: cannot convert 'char*' to 'char* (*)(char**, int)'
   54 | return f (e, argv, 0) != argv[0]  ||  f (e, argv, 1) != argv[1];
      |           ^
      |           |
      |           char*
conftest.c:21:26: note:   initializing argument 1 of 'char* f(char* (*)(char**, int), char**, ...)'
   21 | static char *f (char * (*g) (char **, int), char **p, ...)
      |                 ~~~~~~~~~^~~~~~~~~~~~~~~~~
conftest.c:54:42: error: cannot convert 'char*' to 'char* (*)(char**, int)'
   54 | return f (e, argv, 0) != argv[0]  ||  f (e, argv, 1) != argv[1];
      |                                          ^
      |                                          |
      |                                          char*
conftest.c:21:26: note:   initializing argument 1 of 'char* f(char* (*)(char**, int), char**, ...)'
   21 | static char *f (char * (*g) (char **, int), char **p, ...)
      |                 ~~~~~~~~~^~~~~~~~~~~~~~~~~
configure:4423: $? = 1
configure: failed program was:
| /* confdefs.h */
| #define PACKAGE_NAME "SystemC"
| #define PACKAGE_TARNAME "systemc"
| #define PACKAGE_VERSION "2.3.4"
| #define PACKAGE_STRING "SystemC 2.3.4"
| #define PACKAGE_BUGREPORT "http://forums.accellera.org/forum/9-systemc/"
| #define PACKAGE_URL "http://accellera.org/"
| /* end confdefs.h.  */
| #include <stdarg.h>
| #include <stdio.h>
| struct stat;
| /* Most of the following tests are stolen from RCS 5.7's src/conf.sh.  */
| struct buf { int x; };
| FILE * (*rcsopen) (struct buf *, struct stat *, int);
| static char *e (p, i)
|      char **p;
|      int i;
| {
|   return p[i];
| }
| static char *f (char * (*g) (char **, int), char **p, ...)
| {
|   char *s;
|   va_list v;
|   va_start (v,p);
|   s = g (p, va_arg (v,int));
|   va_end (v);
|   return s;
| }
| 
| /* OSF 4.0 Compaq cc is some sort of almost-ANSI by default.  It has
|    function prototypes and stuff, but not '\xHH' hex character constants.
|    These don't provoke an error unfortunately, instead are silently treated
|    as 'x'.  The following induces an error, until -std is added to get
|    proper ANSI mode.  Curiously '\x00'!='x' always comes out true, for an
|    array size at least.  It's necessary to write '\x00'==0 to get something
|    that's true only with -std.  */
| int osf4_cc_array ['\x00' == 0 ? 1 : -1];
| 
| /* IBM C 6 for AIX is almost-ANSI by default, but it replaces macro parameters
|    inside strings and character constants.  */
| #define FOO(x) 'x'
| int xlc6_cc_array[FOO(a) == 'x' ? 1 : -1];
| 
| int test (int i, double x);
| struct s1 {int (*f) (int a);};
| struct s2 {int (*f) (double a);};
| int pairnames (int, char **, FILE *(*)(struct buf *, struct stat *, int), int, int);
| int argc;
| char **argv;
| int
| main ()
| {
| return f (e, argv, 0) != argv[0]  ||  f (e, argv, 1) != argv[1];
|   ;
|   return 0;
| }
configure:4423: g++ -Aa -D_HPUX_SOURCE -c   conftest.c >&5
<command-line>: error: missing '(' after predicate
conftest.c:15:17: error: 'p' was not declared in this scope
   15 | static char *e (p, i)
      |                 ^
conftest.c:15:20: error: 'i' was not declared in this scope
   15 | static char *e (p, i)
      |                    ^
conftest.c:15:21: error: expression list treated as compound expression in initializer [-fpermissive]
   15 | static char *e (p, i)
      |                     ^
conftest.c:18:1: error: expected unqualified-id before '{' token
   18 | {
      | ^
conftest.c: In function 'int main()':
conftest.c:54:11: error: cannot convert 'char*' to 'char* (*)(char**, int)'
   54 | return f (e, argv, 0) != argv[0]  ||  f (e, argv, 1) != argv[1];
      |           ^
      |           |
      |           char*
conftest.c:21:26: note:   initializing argument 1 of 'char* f(char* (*)(char**, int), char**, ...)'
   21 | static char *f (char * (*g) (char **, int), char **p, ...)
      |                 ~~~~~~~~~^~~~~~~~~~~~~~~~~
conftest.c:54:42: error: cannot convert 'char*' to 'char* (*)(char**, int)'
   54 | return f (e, argv, 0) != argv[0]  ||  f (e, argv, 1) != argv[1];
      |                                          ^
      |                                          |
      |                                          char*
conftest.c:21:26: note:   initializing argument 1 of 'char* f(char* (*)(char**, int), char**, ...)'
   21 | static char *f (char * (*g) (char **, int), char **p, ...)
      |                 ~~~~~~~~~^~~~~~~~~~~~~~~~~
configure:4423: $? = 1
configure: failed program was:
| /* confdefs.h */
| #define PACKAGE_NAME "SystemC"
| #define PACKAGE_TARNAME "systemc"
| #define PACKAGE_VERSION "2.3.4"
| #define PACKAGE_STRING "SystemC 2.3.4"
| #define PACKAGE_BUGREPORT "http://forums.accellera.org/forum/9-systemc/"
| #define PACKAGE_URL "http://accellera.org/"
| /* end confdefs.h.  */
| #include <stdarg.h>
| #include <stdio.h>
| struct stat;
| /* Most of the following tests are stolen from RCS 5.7's src/conf.sh.  */
| struct buf { int x; };
| FILE * (*rcsopen) (struct buf *, struct stat *, int);
| static char *e (p, i)
|      char **p;
|      int i;
| {
|   return p[i];
| }
| static char *f (char * (*g) (char **, int), char **p, ...)
| {
|   char *s;
|   va_list v;
|   va_start (v,p);
|   s = g (p, va_arg (v,int));
|   va_end (v);
|   return s;
| }
| 
| /* OSF 4.0 Compaq cc is some sort of almost-ANSI by default.  It has
|    function prototypes and stuff, but not '\xHH' hex character constants.
|    These don't provoke an error unfortunately, instead are silently treated
|    as 'x'.  The following induces an error, until -std is added to get
|    proper ANSI mode.  Curiously '\x00'!='x' always comes out true, for an
|    array size at least.  It's necessary to write '\x00'==0 to get something
|    that's true only with -std.  */
| int osf4_cc_array ['\x00' == 0 ? 1 : -1];
| 
| /* IBM C 6 for AIX is almost-ANSI by default, but it replaces macro parameters
|    inside strings and character constants.  */
| #define FOO(x) 'x'
| int xlc6_cc_array[FOO(a) == 'x' ? 1 : -1];
| 
| int test (int i, double x);
| struct s1 {int (*f) (int a);};
| struct s2 {int (*f) (double a);};
| int pairnames (int, char **, FILE *(*)(struct buf *, struct stat *, int), int, int);
| int argc;
| char **argv;
| int
| main ()
| {
| return f (e, argv, 0) != argv[0]  ||  f (e, argv, 1) != argv[1];
|   ;
|   return 0;
| }
configure:4423: g++ -Xc -D__EXTENSIONS__ -c   conftest.c >&5
g++: error: unrecognized command line option '-Xc'; did you mean '-X'?
configure:4423: $? = 1
configure: failed program was:
| /* confdefs.h */
| #define PACKAGE_NAME "SystemC"
| #define PACKAGE_TARNAME "systemc"
| #define PACKAGE_VERSION "2.3.4"
| #define PACKAGE_STRING "SystemC 2.3.4"
| #define PACKAGE_BUGREPORT "http://forums.accellera.org/forum/9-systemc/"
| #define PACKAGE_URL "http://accellera.org/"
| /* end confdefs.h.  */
| #include <stdarg.h>
| #include <stdio.h>
| struct stat;
| /* Most of the following tests are stolen from RCS 5.7's src/conf.sh.  */
| struct buf { int x; };
| FILE * (*rcsopen) (struct buf *, struct stat *, int);
| static char *e (p, i)
|      char **p;
|      int i;
| {
|   return p[i];
| }
| static char *f (char * (*g) (char **, int), char **p, ...)
| {
|   char *s;
|   va_list v;
|   va_start (v,p);
|   s = g (p, va_arg (v,int));
|   va_end (v);
|   return s;
| }
| 
| /* OSF 4.0 Compaq cc is some sort of almost-ANSI by default.  It has
|    function prototypes and stuff, but not '\xHH' hex character constants.
|    These don't provoke an error unfortunately, instead are silently treated
|    as 'x'.  The following induces an error, until -std is added to get
|    proper ANSI mode.  Curiously '\x00'!='x' always comes out true, for an
|    array size at least.  It's necessary to write '\x00'==0 to get something
|    that's true only with -std.  */
| int osf4_cc_array ['\x00' == 0 ? 1 : -1];
| 
| /* IBM C 6 for AIX is almost-ANSI by default, but it replaces macro parameters
|    inside strings and character constants.  */
| #define FOO(x) 'x'
| int xlc6_cc_array[FOO(a) == 'x' ? 1 : -1];
| 
| int test (int i, double x);
| struct s1 {int (*f) (int a);};
| struct s2 {int (*f) (double a);};
| int pairnames (int, char **, FILE *(*)(struct buf *, struct stat *, int), int, int);
| int argc;
| char **argv;
| int
| main ()
| {
| return f (e, argv, 0) != argv[0]  ||  f (e, argv, 1) != argv[1];
|   ;
|   return 0;
| }
configure:4439: result: unsupported
configure:4461: checking whether g++ understands -c and -o together
configure:4483: g++ -c conftest.c -o conftest2.o
configure:4486: $? = 0
configure:4483: g++ -c conftest.c -o conftest2.o
configure:4486: $? = 0
configure:4498: result: yes
configure:4517: checking dependency style of g++
configure:4628: result: gcc3
configure:4645: checking whether we are using a Clang/LLVM C compiler
configure:4671: g++ -c   conftest.c >&5
conftest.c: In function 'int main()':
conftest.c:15:5: error: 'clang' was not declared in this scope
   15 | not clang
      |     ^~~~~
configure:4671: $? = 1
configure: failed program was:
| /* confdefs.h */
| #define PACKAGE_NAME "SystemC"
| #define PACKAGE_TARNAME "systemc"
| #define PACKAGE_VERSION "2.3.4"
| #define PACKAGE_STRING "SystemC 2.3.4"
| #define PACKAGE_BUGREPORT "http://forums.accellera.org/forum/9-systemc/"
| #define PACKAGE_URL "http://accellera.org/"
| /* end confdefs.h.  */
| 
| int
| main ()
| {
| 
| #ifndef __clang__
| not clang
| #endif
| 
|   ;
|   return 0;
| }
configure:4684: result: no
configure:4736: checking for ar
configure:4752: found /usr/bin/ar
configure:4763: result: ar
configure:4789: checking the archiver (ar) interface
configure:4805: g++ -c   conftest.c >&5
configure:4805: $? = 0
configure:4807: ar cru libconftest.a conftest.o >&5
ar: `u' modifier ignored since `D' is the default (see `U')
configure:4810: $? = 0
configure:4809: result: ar
configure:4841: checking dependency style of g++
configure:4950: result: gcc3
configure:4966: checking whether ln -s works
configure:4970: result: yes
configure:5292: checking for the pthreads library -lpthreads
configure:5330: g++ -o conftest     conftest.c -lpthreads  >&5
/usr/bin/ld: cannot find -lpthreads
collect2: error: ld returned 1 exit status
configure:5330: $? = 1
configure: failed program was:
| /* confdefs.h */
| #define PACKAGE_NAME "SystemC"
| #define PACKAGE_TARNAME "systemc"
| #define PACKAGE_VERSION "2.3.4"
| #define PACKAGE_STRING "SystemC 2.3.4"
| #define PACKAGE_BUGREPORT "http://forums.accellera.org/forum/9-systemc/"
| #define PACKAGE_URL "http://accellera.org/"
| /* end confdefs.h.  */
| #include <pthread.h>
|                         static void routine(void *a) { a = 0; }
|                         static void *start_routine(void *a) { return a; }
| int
| main ()
| {
| pthread_t th; pthread_attr_t attr;
|                         pthread_create(&th, 0, start_routine, 0);
|                         pthread_join(th, 0);
|                         pthread_attr_init(&attr);
|                         pthread_cleanup_push(routine, 0);
|                         pthread_cleanup_pop(0) /* ; */
|   ;
|   return 0;
| }
configure:5339: result: no
configure:5237: checking whether pthreads work without any flags
configure:5330: g++ -o conftest     conftest.c   >&5
/usr/bin/ld: /tmp/ccEOkT2s.o: in function `main':
conftest.c:(.text+0x5d): undefined reference to `pthread_create'
/usr/bin/ld: conftest.c:(.text+0x6e): undefined reference to `pthread_join'
collect2: error: ld returned 1 exit status
configure:5330: $? = 1
configure: failed program was:
| /* confdefs.h */
| #define PACKAGE_NAME "SystemC"
| #define PACKAGE_TARNAME "systemc"
| #define PACKAGE_VERSION "2.3.4"
| #define PACKAGE_STRING "SystemC 2.3.4"
| #define PACKAGE_BUGREPORT "http://forums.accellera.org/forum/9-systemc/"
| #define PACKAGE_URL "http://accellera.org/"
| /* end confdefs.h.  */
| #include <pthread.h>
|                         static void routine(void *a) { a = 0; }
|                         static void *start_routine(void *a) { return a; }
| int
| main ()
| {
| pthread_t th; pthread_attr_t attr;
|                         pthread_create(&th, 0, start_routine, 0);
|                         pthread_join(th, 0);
|                         pthread_attr_init(&attr);
|                         pthread_cleanup_push(routine, 0);
|                         pthread_cleanup_pop(0) /* ; */
|   ;
|   return 0;
| }
configure:5339: result: no
configure:5242: checking whether pthreads work with -Kthread
configure:5330: g++ -o conftest  -Kthread   conftest.c   >&5
g++: error: unrecognized command line option '-Kthread'; did you mean '-pthread'?
configure:5330: $? = 1
configure: failed program was:
| /* confdefs.h */
| #define PACKAGE_NAME "SystemC"
| #define PACKAGE_TARNAME "systemc"
| #define PACKAGE_VERSION "2.3.4"
| #define PACKAGE_STRING "SystemC 2.3.4"
| #define PACKAGE_BUGREPORT "http://forums.accellera.org/forum/9-systemc/"
| #define PACKAGE_URL "http://accellera.org/"
| /* end confdefs.h.  */
| #include <pthread.h>
|                         static void routine(void *a) { a = 0; }
|                         static void *start_routine(void *a) { return a; }
| int
| main ()
| {
| pthread_t th; pthread_attr_t attr;
|                         pthread_create(&th, 0, start_routine, 0);
|                         pthread_join(th, 0);
|                         pthread_attr_init(&attr);
|                         pthread_cleanup_push(routine, 0);
|                         pthread_cleanup_pop(0) /* ; */
|   ;
|   return 0;
| }
configure:5339: result: no
configure:5242: checking whether pthreads work with -kthread
configure:5330: g++ -o conftest  -kthread   conftest.c   >&5
g++: error: unrecognized command line option '-kthread'; did you mean '-pthread'?
configure:5330: $? = 1
configure: failed program was:
| /* confdefs.h */
| #define PACKAGE_NAME "SystemC"
| #define PACKAGE_TARNAME "systemc"
| #define PACKAGE_VERSION "2.3.4"
| #define PACKAGE_STRING "SystemC 2.3.4"
| #define PACKAGE_BUGREPORT "http://forums.accellera.org/forum/9-systemc/"
| #define PACKAGE_URL "http://accellera.org/"
| /* end confdefs.h.  */
| #include <pthread.h>
|                         static void routine(void *a) { a = 0; }
|                         static void *start_routine(void *a) { return a; }
| int
| main ()
| {
| pthread_t th; pthread_attr_t attr;
|                         pthread_create(&th, 0, start_routine, 0);
|                         pthread_join(th, 0);
|                         pthread_attr_init(&attr);
|                         pthread_cleanup_push(routine, 0);
|                         pthread_cleanup_pop(0) /* ; */
|   ;
|   return 0;
| }
configure:5339: result: no
configure:5292: checking for the pthreads library -llthread
configure:5330: g++ -o conftest     conftest.c -llthread  >&5
/usr/bin/ld: cannot find -llthread
collect2: error: ld returned 1 exit status
configure:5330: $? = 1
configure: failed program was:
| /* confdefs.h */
| #define PACKAGE_NAME "SystemC"
| #define PACKAGE_TARNAME "systemc"
| #define PACKAGE_VERSION "2.3.4"
| #define PACKAGE_STRING "SystemC 2.3.4"
| #define PACKAGE_BUGREPORT "http://forums.accellera.org/forum/9-systemc/"
| #define PACKAGE_URL "http://accellera.org/"
| /* end confdefs.h.  */
| #include <pthread.h>
|                         static void routine(void *a) { a = 0; }
|                         static void *start_routine(void *a) { return a; }
| int
| main ()
| {
| pthread_t th; pthread_attr_t attr;
|                         pthread_create(&th, 0, start_routine, 0);
|                         pthread_join(th, 0);
|                         pthread_attr_init(&attr);
|                         pthread_cleanup_push(routine, 0);
|                         pthread_cleanup_pop(0) /* ; */
|   ;
|   return 0;
| }
configure:5339: result: no
configure:5242: checking whether pthreads work with -pthread
configure:5330: g++ -o conftest  -pthread   conftest.c   >&5
configure:5330: $? = 0
configure:5339: result: yes
configure:5358: checking for joinable pthread attribute
configure:5373: g++ -o conftest  -pthread   conftest.c   >&5
configure:5373: $? = 0
configure:5379: result: PTHREAD_CREATE_JOINABLE
configure:5389: checking if more special flags are required for pthreads
configure:5403: result: no
configure:5409: checking for PTHREAD_PRIO_INHERIT
configure:5427: g++ -o conftest  -pthread   conftest.c   >&5
configure:5427: $? = 0
configure:5436: result: yes
configure:5521: checking for posix_memalign
configure:5521: g++ -o conftest    conftest.c  >&5
conftest.c:34:6: warning: declaration of 'char posix_memalign()' conflicts with built-in declaration 'int posix_memalign(void**, long unsigned int, long unsigned int)' [-Wbuiltin-declaration-mismatch]
   34 | char posix_memalign ();
      |      ^~~~~~~~~~~~~~
configure:5521: $? = 0
configure:5521: result: yes
configure:5582: checking how to print strings
configure:5609: result: printf
configure:5630: checking for a sed that does not truncate output
configure:5694: result: /usr/bin/sed
configure:5712: checking for grep that handles long lines and -e
configure:5770: result: /usr/bin/grep
configure:5775: checking for egrep
configure:5837: result: /usr/bin/grep -E
configure:5842: checking for fgrep
configure:5904: result: /usr/bin/grep -F
configure:5939: checking for ld used by g++
configure:6006: result: /usr/bin/ld
configure:6013: checking if the linker (/usr/bin/ld) is GNU ld
configure:6028: result: yes
configure:6040: checking for BSD- or MS-compatible name lister (nm)
configure:6089: result: /usr/bin/nm -B
configure:6219: checking the name lister (/usr/bin/nm -B) interface
configure:6226: g++ -c -Wall -m64   conftest.cpp >&5
configure:6229: /usr/bin/nm -B "conftest.o"
configure:6232: output
0000000000000000 B some_variable
configure:6233: result: BSD nm
configure:6237: checking the maximum length of command line arguments
configure:6367: result: 1572864
configure:6384: checking whether the shell understands some XSI constructs
configure:6393: result: yes
configure:6397: checking whether the shell understands "+="
configure:6401: result: yes
configure:6436: checking how to convert x86_64-unknown-linux-gnu file names to x86_64-unknown-linux-gnu format
configure:6476: result: func_convert_file_noop
configure:6483: checking how to convert x86_64-unknown-linux-gnu file names to toolchain format
configure:6503: result: func_convert_file_noop
configure:6510: checking for /usr/bin/ld option to reload object files
configure:6517: result: -r
configure:6591: checking for objdump
configure:6607: found /usr/bin/objdump
configure:6618: result: objdump
configure:6650: checking how to recognize dependent libraries
configure:6852: result: pass_all
configure:6937: checking for dlltool
configure:6967: result: no
configure:6997: checking how to associate runtime and link libraries
configure:7024: result: printf %s\n
configure:7148: checking for archiver @FILE support
configure:7165: g++ -c -Wall -m64   conftest.cpp >&5
configure:7165: $? = 0
configure:7168: ar cr libconftest.a @conftest.lst >&5
configure:7171: $? = 0
configure:7176: ar cr libconftest.a @conftest.lst >&5
ar: conftest.o: No such file or directory
configure:7179: $? = 1
configure:7178: result: @
configure:7236: checking for strip
configure:7252: found /usr/bin/strip
configure:7263: result: strip
configure:7335: checking for ranlib
configure:7351: found /usr/bin/ranlib
configure:7362: result: ranlib
configure:7464: checking command to parse /usr/bin/nm -B output from g++ object
configure:7584: g++ -c -Wall -m64   conftest.cpp >&5
configure:7587: $? = 0
configure:7591: /usr/bin/nm -B conftest.o \| sed -n -e 's/^.*[ ]\([ABCDGIRSTW][ABCDGIRSTW]*\)[ ][ ]*\([_A-Za-z][_A-Za-z0-9]*\)$/\1 \2 \2/p' | sed '/ __gnu_lto/d' \> conftest.nm
configure:7594: $? = 0
configure:7660: g++ -o conftest -Wall -m64    conftest.cpp conftstm.o >&5
configure:7663: $? = 0
configure:7701: result: ok
configure:7738: checking for sysroot
configure:7768: result: no
configure:7845: g++ -c -Wall -m64   conftest.cpp >&5
configure:7848: $? = 0
configure:8024: checking for mt
configure:8040: found /usr/bin/mt
configure:8051: result: mt
configure:8074: checking if mt is a manifest tool
configure:8080: mt '-?'
configure:8088: result: no
configure:8730: checking how to run the C preprocessor
configure:8761: g++ -E  conftest.c
configure:8761: $? = 0
configure:8775: g++ -E  conftest.c
conftest.c:12:10: fatal error: ac_nonexistent.h: No such file or directory
   12 | #include <ac_nonexistent.h>
      |          ^~~~~~~~~~~~~~~~~~
compilation terminated.
configure:8775: $? = 1
configure: failed program was:
| /* confdefs.h */
| #define PACKAGE_NAME "SystemC"
| #define PACKAGE_TARNAME "systemc"
| #define PACKAGE_VERSION "2.3.4"
| #define PACKAGE_STRING "SystemC 2.3.4"
| #define PACKAGE_BUGREPORT "http://forums.accellera.org/forum/9-systemc/"
| #define PACKAGE_URL "http://accellera.org/"
| #define HAVE_PTHREAD_PRIO_INHERIT 1
| #define HAVE_PTHREAD 1
| #define SC_HAVE_POSIX_MEMALIGN 1
| /* end confdefs.h.  */
| #include <ac_nonexistent.h>
configure:8800: result: g++ -E
configure:8820: g++ -E  conftest.c
configure:8820: $? = 0
configure:8834: g++ -E  conftest.c
conftest.c:12:10: fatal error: ac_nonexistent.h: No such file or directory
   12 | #include <ac_nonexistent.h>
      |          ^~~~~~~~~~~~~~~~~~
compilation terminated.
configure:8834: $? = 1
configure: failed program was:
| /* confdefs.h */
| #define PACKAGE_NAME "SystemC"
| #define PACKAGE_TARNAME "systemc"
| #define PACKAGE_VERSION "2.3.4"
| #define PACKAGE_STRING "SystemC 2.3.4"
| #define PACKAGE_BUGREPORT "http://forums.accellera.org/forum/9-systemc/"
| #define PACKAGE_URL "http://accellera.org/"
| #define HAVE_PTHREAD_PRIO_INHERIT 1
| #define HAVE_PTHREAD 1
| #define SC_HAVE_POSIX_MEMALIGN 1
| /* end confdefs.h.  */
| #include <ac_nonexistent.h>
configure:8863: checking for ANSI C header files
configure:8883: g++ -c   conftest.c >&5
configure:8883: $? = 0
configure:8956: g++ -o conftest    conftest.c  >&5
configure:8956: $? = 0
configure:8956: ./conftest
configure:8956: $? = 0
configure:8967: result: yes
configure:8980: checking for sys/types.h
configure:8980: g++ -c   conftest.c >&5
configure:8980: $? = 0
configure:8980: result: yes
configure:8980: checking for sys/stat.h
configure:8980: g++ -c   conftest.c >&5
configure:8980: $? = 0
configure:8980: result: yes
configure:8980: checking for stdlib.h
configure:8980: g++ -c   conftest.c >&5
configure:8980: $? = 0
configure:8980: result: yes
configure:8980: checking for string.h
configure:8980: g++ -c   conftest.c >&5
configure:8980: $? = 0
configure:8980: result: yes
configure:8980: checking for memory.h
configure:8980: g++ -c   conftest.c >&5
configure:8980: $? = 0
configure:8980: result: yes
configure:8980: checking for strings.h
configure:8980: g++ -c   conftest.c >&5
configure:8980: $? = 0
configure:8980: result: yes
configure:8980: checking for inttypes.h
configure:8980: g++ -c   conftest.c >&5
configure:8980: $? = 0
configure:8980: result: yes
configure:8980: checking for stdint.h
configure:8980: g++ -c   conftest.c >&5
configure:8980: $? = 0
configure:8980: result: yes
configure:8980: checking for unistd.h
configure:8980: g++ -c   conftest.c >&5
configure:8980: $? = 0
configure:8980: result: yes
configure:8994: checking for dlfcn.h
configure:8994: g++ -c   conftest.c >&5
configure:8994: $? = 0
configure:8994: result: yes
configure:9210: checking for objdir
configure:9225: result: .libs
configure:9496: checking if g++ supports -fno-rtti -fno-exceptions
configure:9514: g++ -c   -fno-rtti -fno-exceptions conftest.c >&5
configure:9518: $? = 0
configure:9531: result: yes
configure:9858: checking for g++ option to produce PIC
configure:9865: result: -fPIC -DPIC
configure:9873: checking if g++ PIC flag -fPIC -DPIC works
configure:9891: g++ -c   -fPIC -DPIC -DPIC conftest.c >&5
configure:9895: $? = 0
configure:9908: result: yes
configure:9937: checking if g++ static flag -static works
configure:9965: result: yes
configure:9980: checking if g++ supports -c -o file.o
configure:10001: g++ -c   -o out/conftest2.o conftest.c >&5
configure:10005: $? = 0
configure:10027: result: yes
configure:10035: checking if g++ supports -c -o file.o
configure:10082: result: yes
configure:10115: checking whether the g++ linker (/usr/bin/ld -m elf_x86_64) supports shared libraries
configure:11268: result: yes
configure:11305: checking whether -lc should be explicitly linked in
configure:11313: g++ -c   conftest.c >&5
configure:11316: $? = 0
configure:11331: g++ -shared  -fPIC -DPIC conftest.o  -v -Wl,-soname -Wl,conftest -o conftest 2\>\&1 \| /usr/bin/grep  -lc  \>/dev/null 2\>\&1
configure:11334: $? = 0
configure:11348: result: no
configure:11508: checking dynamic linker characteristics
configure:12019: g++ -o conftest    -Wl,-rpath -Wl,/foo conftest.c  >&5
configure:12019: $? = 0
configure:12245: result: GNU/Linux ld.so
configure:12352: checking how to hardcode library paths into programs
configure:12377: result: immediate
configure:12917: checking whether stripping libraries is possible
configure:12922: result: yes
configure:12957: checking if libtool supports shared libraries
configure:12959: result: yes
configure:12962: checking whether to build shared libraries
configure:12983: result: yes
configure:12986: checking whether to build static libraries
configure:12990: result: yes
configure:10019: checking how to run the C++ preprocessor
configure:10046: g++ -E  conftest.cpp
configure:10046: $? = 0
configure:10060: g++ -E  conftest.cpp
conftest.cpp:24:10: fatal error: ac_nonexistent.h: No such file or directory
   24 | #include <ac_nonexistent.h>
      |          ^~~~~~~~~~~~~~~~~~
compilation terminated.
configure:10060: $? = 1
configure: failed program was:
| /* confdefs.h */
| #define PACKAGE_NAME "SystemC"
| #define PACKAGE_TARNAME "systemc"
| #define PACKAGE_VERSION "2.3.4"
| #define PACKAGE_STRING "SystemC 2.3.4"
| #define PACKAGE_BUGREPORT "http://forums.accellera.org/forum/9-systemc/"
| #define PACKAGE_URL "http://accellera.org/"
| #define HAVE_PTHREAD_PRIO_INHERIT 1
| #define HAVE_PTHREAD 1
| #define SC_HAVE_POSIX_MEMALIGN 1
| #define STDC_HEADERS 1
| #define HAVE_SYS_TYPES_H 1
| #define HAVE_SYS_STAT_H 1
| #define HAVE_STDLIB_H 1
| #define HAVE_STRING_H 1
| #define HAVE_MEMORY_H 1
| #define HAVE_STRINGS_H 1
| #define HAVE_INTTYPES_H 1
| #define HAVE_STDINT_H 1
| #define HAVE_UNISTD_H 1
| #define HAVE_DLFCN_H 1
| #define LT_OBJDIR ".libs/"
| /* end confdefs.h.  */
| #include <ac_nonexistent.h>
configure:10085: result: g++ -E
configure:10105: g++ -E  conftest.cpp
configure:10105: $? = 0
configure:10119: g++ -E  conftest.cpp
conftest.cpp:24:10: fatal error: ac_nonexistent.h: No such file or directory
   24 | #include <ac_nonexistent.h>
      |          ^~~~~~~~~~~~~~~~~~
compilation terminated.
configure:10119: $? = 1
configure: failed program was:
| /* confdefs.h */
| #define PACKAGE_NAME "SystemC"
| #define PACKAGE_TARNAME "systemc"
| #define PACKAGE_VERSION "2.3.4"
| #define PACKAGE_STRING "SystemC 2.3.4"
| #define PACKAGE_BUGREPORT "http://forums.accellera.org/forum/9-systemc/"
| #define PACKAGE_URL "http://accellera.org/"
| #define HAVE_PTHREAD_PRIO_INHERIT 1
| #define HAVE_PTHREAD 1
| #define SC_HAVE_POSIX_MEMALIGN 1
| #define STDC_HEADERS 1
| #define HAVE_SYS_TYPES_H 1
| #define HAVE_SYS_STAT_H 1
| #define HAVE_STDLIB_H 1
| #define HAVE_STRING_H 1
| #define HAVE_MEMORY_H 1
| #define HAVE_STRINGS_H 1
| #define HAVE_INTTYPES_H 1
| #define HAVE_STDINT_H 1
| #define HAVE_UNISTD_H 1
| #define HAVE_DLFCN_H 1
| #define LT_OBJDIR ".libs/"
| /* end confdefs.h.  */
| #include <ac_nonexistent.h>
configure:10288: checking for ld used by g++
configure:10355: result: /usr/bin/ld -m elf_x86_64
configure:10362: checking if the linker (/usr/bin/ld -m elf_x86_64) is GNU ld
configure:10377: result: yes
configure:10432: checking whether the g++ linker (/usr/bin/ld -m elf_x86_64) supports shared libraries
configure:11437: result: yes
configure:11473: g++ -c -Wall -m64   conftest.cpp >&5
configure:11476: $? = 0
configure:11996: checking for g++ option to produce PIC
configure:12003: result: -fPIC -DPIC
configure:12011: checking if g++ PIC flag -fPIC -DPIC works
configure:12029: g++ -c -Wall -m64   -fPIC -DPIC -DPIC conftest.cpp >&5
configure:12033: $? = 0
configure:12046: result: yes
configure:12069: checking if g++ static flag -static works
configure:12097: result: yes
configure:12109: checking if g++ supports -c -o file.o
configure:12130: g++ -c -Wall -m64   -o out/conftest2.o conftest.cpp >&5
configure:12134: $? = 0
configure:12156: result: yes
configure:12161: checking if g++ supports -c -o file.o
configure:12208: result: yes
configure:12238: checking whether the g++ linker (/usr/bin/ld -m elf_x86_64) supports shared libraries
configure:12274: result: yes
configure:12415: checking dynamic linker characteristics
configure:13086: result: GNU/Linux ld.so
configure:13139: checking how to hardcode library paths into programs
configure:13164: result: immediate
configure:12164: checking for SystemC install layout
configure:12190: result: ignored
configure:12246: checking for SystemC library arch suffix
configure:12266: result: default (TARGET_ARCH=linux64)
configure:12269: checking whether to add debug symbols to the SystemC library
configure:12291: result: no
configure:12294: checking whether to enable compiler optimization
configure:12316: result: yes
configure:12319: checking whether to add support for asynchronous update requests
configure:12363: result: yes
configure:12366: checking whether to use POSIX threads for SystemC processes
configure:12432: result: no
configure:12435: checking whether to enable simulation phase callbacks (experimental)
configure:12469: result: no
configure:12472: checking whether to enable VCD scopes by default
configure:12496: result: yes
configure:12499: checking whether to enable legacy memory managment for allocating coroutine stack
configure:12523: result: no
configure:12590: checking for SC_DISABLE_VIRTUAL_BIND defined
configure:12612: g++ -c   conftest.cpp >&5
conftest.cpp: In function 'int main()':
conftest.cpp:32:3: error: 'choke' was not declared in this scope
   32 |   choke me
      |   ^~~~~
configure:12612: $? = 1
configure: failed program was:
| /* confdefs.h */
| #define PACKAGE_NAME "SystemC"
| #define PACKAGE_TARNAME "systemc"
| #define PACKAGE_VERSION "2.3.4"
| #define PACKAGE_STRING "SystemC 2.3.4"
| #define PACKAGE_BUGREPORT "http://forums.accellera.org/forum/9-systemc/"
| #define PACKAGE_URL "http://accellera.org/"
| #define HAVE_PTHREAD_PRIO_INHERIT 1
| #define HAVE_PTHREAD 1
| #define SC_HAVE_POSIX_MEMALIGN 1
| #define STDC_HEADERS 1
| #define HAVE_SYS_TYPES_H 1
| #define HAVE_SYS_STAT_H 1
| #define HAVE_STDLIB_H 1
| #define HAVE_STRING_H 1
| #define HAVE_MEMORY_H 1
| #define HAVE_STRINGS_H 1
| #define HAVE_INTTYPES_H 1
| #define HAVE_STDINT_H 1
| #define HAVE_UNISTD_H 1
| #define HAVE_DLFCN_H 1
| #define LT_OBJDIR ".libs/"
| /* end confdefs.h.  */
| 
| int
| main ()
| {
| 
|   #ifdef SC_DISABLE_VIRTUAL_BIND
|   int ok;
|   #else
|   choke me
|   #endif
| 
|   ;
|   return 0;
| }
configure:12619: result: no
configure:12627: checking for SC_ENABLE_IMMEDIATE_SELF_NOTIFICATION defined
configure:12649: g++ -c   conftest.cpp >&5
conftest.cpp: In function 'int main()':
conftest.cpp:32:3: error: 'choke' was not declared in this scope
   32 |   choke me
      |   ^~~~~
configure:12649: $? = 1
configure: failed program was:
| /* confdefs.h */
| #define PACKAGE_NAME "SystemC"
| #define PACKAGE_TARNAME "systemc"
| #define PACKAGE_VERSION "2.3.4"
| #define PACKAGE_STRING "SystemC 2.3.4"
| #define PACKAGE_BUGREPORT "http://forums.accellera.org/forum/9-systemc/"
| #define PACKAGE_URL "http://accellera.org/"
| #define HAVE_PTHREAD_PRIO_INHERIT 1
| #define HAVE_PTHREAD 1
| #define SC_HAVE_POSIX_MEMALIGN 1
| #define STDC_HEADERS 1
| #define HAVE_SYS_TYPES_H 1
| #define HAVE_SYS_STAT_H 1
| #define HAVE_STDLIB_H 1
| #define HAVE_STRING_H 1
| #define HAVE_MEMORY_H 1
| #define HAVE_STRINGS_H 1
| #define HAVE_INTTYPES_H 1
| #define HAVE_STDINT_H 1
| #define HAVE_UNISTD_H 1
| #define HAVE_DLFCN_H 1
| #define LT_OBJDIR ".libs/"
| /* end confdefs.h.  */
| 
| int
| main ()
| {
| 
|   #ifdef SC_ENABLE_IMMEDIATE_SELF_NOTIFICATION
|   int ok;
|   #else
|   choke me
|   #endif
| 
|   ;
|   return 0;
| }
configure:12656: result: no
configure:12663: checking for SC_ENABLE_EARLY_MAXTIME_CREATION defined
configure:12685: g++ -c   conftest.cpp >&5
conftest.cpp: In function 'int main()':
conftest.cpp:32:3: error: 'choke' was not declared in this scope
   32 |   choke me
      |   ^~~~~
configure:12685: $? = 1
configure: failed program was:
| /* confdefs.h */
| #define PACKAGE_NAME "SystemC"
| #define PACKAGE_TARNAME "systemc"
| #define PACKAGE_VERSION "2.3.4"
| #define PACKAGE_STRING "SystemC 2.3.4"
| #define PACKAGE_BUGREPORT "http://forums.accellera.org/forum/9-systemc/"
| #define PACKAGE_URL "http://accellera.org/"
| #define HAVE_PTHREAD_PRIO_INHERIT 1
| #define HAVE_PTHREAD 1
| #define SC_HAVE_POSIX_MEMALIGN 1
| #define STDC_HEADERS 1
| #define HAVE_SYS_TYPES_H 1
| #define HAVE_SYS_STAT_H 1
| #define HAVE_STDLIB_H 1
| #define HAVE_STRING_H 1
| #define HAVE_MEMORY_H 1
| #define HAVE_STRINGS_H 1
| #define HAVE_INTTYPES_H 1
| #define HAVE_STDINT_H 1
| #define HAVE_UNISTD_H 1
| #define HAVE_DLFCN_H 1
| #define LT_OBJDIR ".libs/"
| /* end confdefs.h.  */
| 
| int
| main ()
| {
| 
|   #ifdef SC_ENABLE_EARLY_MAXTIME_CREATION
|   int ok;
|   #else
|   choke me
|   #endif
| 
|   ;
|   return 0;
| }
configure:12692: result: no
configure:12854: checking that generated files are newer than configure
configure:12860: result: done
configure:12963: creating ./config.status

## ---------------------- ##
## Running config.status. ##
## ---------------------- ##

This file was extended by SystemC config.status 2.3.4, which was
generated by GNU Autoconf 2.69.  Invocation command line was

  CONFIG_FILES    = 
  CONFIG_HEADERS  = 
  CONFIG_LINKS    = 
  CONFIG_COMMANDS = 
  $ ./config.status 

on ishna-Yoga-7

config.status:1147: creating Makefile
config.status:1147: creating src/Makefile
config.status:1147: creating src/systemc.pc
config.status:1147: creating src/tlm.pc
config.status:1147: creating src/sysc/Makefile
config.status:1147: creating src/sysc/packages/boost/Makefile
config.status:1147: creating src/sysc/packages/qt/Makefile
config.status:1147: creating src/tlm_core/Makefile
config.status:1147: creating src/tlm_utils/Makefile
config.status:1147: creating examples/Makefile
config.status:1147: creating examples/sysc/Makefile
config.status:1147: creating examples/tlm/Makefile
config.status:1147: creating examples/tlm/common/Makefile
config.status:1147: creating docs/Makefile
config.status:1147: creating docs/sysc/doxygen/Doxyfile
config.status:1147: creating docs/tlm/doxygen/Doxyfile
config.status:1319: executing depfiles commands
config.status:1396: cd src       && sed -e '/# am--include-marker/d' Makefile         | make -f - am--depfiles
make: Nothing to be done for 'am--depfiles'.
config.status:1401: $? = 0
config.status:1396: cd src/sysc       && sed -e '/# am--include-marker/d' Makefile         | make -f - am--depfiles
make: Nothing to be done for 'am--depfiles'.
config.status:1401: $? = 0
config.status:1396: cd src/sysc/packages/qt       && sed -e '/# am--include-marker/d' Makefile         | make -f - am--depfiles
make: Nothing to be done for 'am--depfiles'.
config.status:1401: $? = 0
config.status:1396: cd src/tlm_core       && sed -e '/# am--include-marker/d' Makefile         | make -f - am--depfiles
make: Nothing to be done for 'am--depfiles'.
config.status:1401: $? = 0
config.status:1396: cd src/tlm_utils       && sed -e '/# am--include-marker/d' Makefile         | make -f - am--depfiles
make: Nothing to be done for 'am--depfiles'.
config.status:1401: $? = 0
config.status:1396: cd examples/sysc       && sed -e '/# am--include-marker/d' Makefile         | make -f - am--depfiles
make: Nothing to be done for 'am--depfiles'.
config.status:1401: $? = 0
config.status:1396: cd examples/tlm       && sed -e '/# am--include-marker/d' Makefile         | make -f - am--depfiles
make: Nothing to be done for 'am--depfiles'.
config.status:1401: $? = 0
config.status:1396: cd examples/tlm/common       && sed -e '/# am--include-marker/d' Makefile         | make -f - am--depfiles
make: Nothing to be done for 'am--depfiles'.
config.status:1401: $? = 0
config.status:1319: executing libtool commands
---------------------------------------------------------------------
Configuration summary of SystemC 2.3.4 for x86_64-unknown-linux-gnu
---------------------------------------------------------------------

 Directory setup (based on classic layout):
   Installation prefix (aka SYSTEMC_HOME):
      /home/ishna/FYP/ibex/systemc-2.3.4
   Header files  : <SYSTEMC_HOME>/include
   Libraries     : <SYSTEMC_HOME>/lib-linux64
   Documentation : <SYSTEMC_HOME>/docs
   Examples      : <SYSTEMC_HOME>/examples

 Architecture    : linux64
 Compiler        : g++ (C/C++)
 
 Build settings:
   Enable compiler optimizations  : yes
   Include debugging symbols      : no
   Coroutine package for processes: QuickThreads
   Enable VCD scopes by default   : yes
   Disable async_request_update   : no
   Enable legacy mem. mangement   : no
   Phase callbacks (experimental) : no
 
---------------------------------------------------------------------

## ---------------- ##
## Cache variables. ##
## ---------------- ##

ac_cv_build=x86_64-unknown-linux-gnu
ac_cv_c_compiler_gnu=yes
ac_cv_cxx_compiler_gnu=yes
ac_cv_defined_SC_DISABLE_VIRTUAL_BIND=no
ac_cv_defined_SC_ENABLE_EARLY_MAXTIME_CREATION=no
ac_cv_defined_SC_ENABLE_IMMEDIATE_SELF_NOTIFICATION=no
ac_cv_env_CCASFLAGS_set=
ac_cv_env_CCASFLAGS_value=
ac_cv_env_CCAS_set=
ac_cv_env_CCAS_value=
ac_cv_env_CCC_set=
ac_cv_env_CCC_value=
ac_cv_env_CC_set=
ac_cv_env_CC_value=
ac_cv_env_CFLAGS_set=
ac_cv_env_CFLAGS_value=
ac_cv_env_CPPFLAGS_set=
ac_cv_env_CPPFLAGS_value=
ac_cv_env_CPP_set=
ac_cv_env_CPP_value=
ac_cv_env_CXXCPP_set=
ac_cv_env_CXXCPP_value=
ac_cv_env_CXXFLAGS_set=
ac_cv_env_CXXFLAGS_value=
ac_cv_env_CXX_set=set
ac_cv_env_CXX_value=g++
ac_cv_env_LDFLAGS_set=
ac_cv_env_LDFLAGS_value=
ac_cv_env_LIBS_set=
ac_cv_env_LIBS_value=
ac_cv_env_build_alias_set=
ac_cv_env_build_alias_value=
ac_cv_env_host_alias_set=
ac_cv_env_host_alias_value=
ac_cv_env_target_alias_set=
ac_cv_env_target_alias_value=
ac_cv_func_posix_memalign=yes
ac_cv_header_dlfcn_h=yes
ac_cv_header_inttypes_h=yes
ac_cv_header_memory_h=yes
ac_cv_header_stdc=yes
ac_cv_header_stdint_h=yes
ac_cv_header_stdlib_h=yes
ac_cv_header_string_h=yes
ac_cv_header_strings_h=yes
ac_cv_header_sys_stat_h=yes
ac_cv_header_sys_types_h=yes
ac_cv_header_unistd_h=yes
ac_cv_host=x86_64-unknown-linux-gnu
ac_cv_objext=o
ac_cv_path_EGREP='/usr/bin/grep -E'
ac_cv_path_FGREP='/usr/bin/grep -F'
ac_cv_path_GREP=/usr/bin/grep
ac_cv_path_SED=/usr/bin/sed
ac_cv_path_install='/usr/bin/install -c'
ac_cv_path_mkdir=/usr/bin/mkdir
ac_cv_prog_AWK=mawk
ac_cv_prog_CPP='g++ -E'
ac_cv_prog_CXXCPP='g++ -E'
ac_cv_prog_ac_ct_AR=ar
ac_cv_prog_ac_ct_CC=g++
ac_cv_prog_ac_ct_MANIFEST_TOOL=mt
ac_cv_prog_ac_ct_OBJDUMP=objdump
ac_cv_prog_ac_ct_RANLIB=ranlib
ac_cv_prog_ac_ct_STRIP=strip
ac_cv_prog_cc_c89=no
ac_cv_prog_cc_g=yes
ac_cv_prog_cxx_g=yes
ac_cv_prog_make_make_set=yes
ac_cv_target=x86_64-unknown-linux-gnu
am_cv_CCAS_dependencies_compiler_type=gcc3
am_cv_CC_dependencies_compiler_type=gcc3
am_cv_CXX_dependencies_compiler_type=gcc3
am_cv_ar_interface=ar
am_cv_make_support_nested_variables=yes
am_cv_prog_cc_c_o=yes
am_cv_prog_tar_pax=gnutar
ax_cv_PTHREAD_PRIO_INHERIT=yes
lt_cv_ar_at_file=@
lt_cv_archive_cmds_need_lc=no
lt_cv_deplibs_check_method=pass_all
lt_cv_file_magic_cmd='$MAGIC_CMD'
lt_cv_file_magic_test_file=
lt_cv_ld_reload_flag=-r
lt_cv_nm_interface='BSD nm'
lt_cv_objdir=.libs
lt_cv_path_LD=/usr/bin/ld
lt_cv_path_LDCXX='/usr/bin/ld -m elf_x86_64'
lt_cv_path_NM='/usr/bin/nm -B'
lt_cv_path_mainfest_tool=no
lt_cv_prog_compiler_c_o=yes
lt_cv_prog_compiler_c_o_CXX=yes
lt_cv_prog_compiler_pic='-fPIC -DPIC'
lt_cv_prog_compiler_pic_CXX='-fPIC -DPIC'
lt_cv_prog_compiler_pic_works=yes
lt_cv_prog_compiler_pic_works_CXX=yes
lt_cv_prog_compiler_rtti_exceptions=yes
lt_cv_prog_compiler_static_works=yes
lt_cv_prog_compiler_static_works_CXX=yes
lt_cv_prog_gnu_ld=yes
lt_cv_prog_gnu_ldcxx=yes
lt_cv_sharedlib_from_linklib_cmd='printf %s\n'
lt_cv_shlibpath_overrides_runpath=yes
lt_cv_sys_global_symbol_pipe='sed -n -e '\''s/^.*[	 ]\([ABCDGIRSTW][ABCDGIRSTW]*\)[	 ][	 ]*\([_A-Za-z][_A-Za-z0-9]*\)$/\1 \2 \2/p'\'' | sed '\''/ __gnu_lto/d'\'''
lt_cv_sys_global_symbol_to_c_name_address='sed -n -e '\''s/^: \([^ ]*\)[ ]*$/  {\"\1\", (void *) 0},/p'\'' -e '\''s/^[ABCDGIRSTW]* \([^ ]*\) \([^ ]*\)$/  {"\2", (void *) \&\2},/p'\'''
lt_cv_sys_global_symbol_to_c_name_address_lib_prefix='sed -n -e '\''s/^: \([^ ]*\)[ ]*$/  {\"\1\", (void *) 0},/p'\'' -e '\''s/^[ABCDGIRSTW]* \([^ ]*\) \(lib[^ ]*\)$/  {"\2", (void *) \&\2},/p'\'' -e '\''s/^[ABCDGIRSTW]* \([^ ]*\) \([^ ]*\)$/  {"lib\2", (void *) \&\2},/p'\'''
lt_cv_sys_global_symbol_to_cdecl='sed -n -e '\''s/^T .* \(.*\)$/extern int \1();/p'\'' -e '\''s/^[ABCDGIRSTW]* .* \(.*\)$/extern char \1;/p'\'''
lt_cv_sys_max_cmd_len=1572864
lt_cv_to_host_file_cmd=func_convert_file_noop
lt_cv_to_tool_file_cmd=func_convert_file_noop
sc_cv_clang=no
sc_cv_clangxx=no

## ----------------- ##
## Output variables. ##
## ----------------- ##

ACLOCAL='${SHELL} /home/ishna/FYP/ibex/systemc-2.3.4/config/missing aclocal-1.16'
AMDEPBACKSLASH='\'
AMDEP_FALSE='#'
AMDEP_TRUE=''
AMTAR='$${TAR-tar}'
AM_BACKSLASH='\'
AM_DEFAULT_V='$(AM_DEFAULT_VERBOSITY)'
AM_DEFAULT_VERBOSITY='0'
AM_V='$(V)'
AR='ar'
AUTOCONF='${SHELL} /home/ishna/FYP/ibex/systemc-2.3.4/config/missing autoconf'
AUTOHEADER='${SHELL} /home/ishna/FYP/ibex/systemc-2.3.4/config/missing autoheader'
AUTOMAKE='${SHELL} /home/ishna/FYP/ibex/systemc-2.3.4/config/missing automake-1.16'
AWK='mawk'
CC='g++'
CCAS='g++'
CCASDEPMODE='depmode=gcc3'
CCASFLAGS=''
CCDEPMODE='depmode=gcc3'
CFLAGS=''
CPP='g++ -E'
CPPFLAGS=''
CXX='g++'
CXXCPP='g++ -E'
CXXDEPMODE='depmode=gcc3'
CXXFLAGS=''
CYGPATH_W='echo'
DEBUG_CXXFLAGS='-g'
DEFS='-DPACKAGE_NAME=\"SystemC\" -DPACKAGE_TARNAME=\"systemc\" -DPACKAGE_VERSION=\"2.3.4\" -DPACKAGE_STRING=\"SystemC\ 2.3.4\" -DPACKAGE_BUGREPORT=\"http://forums.accellera.org/forum/9-systemc/\" -DPACKAGE_URL=\"http://accellera.org/\" -DHAVE_PTHREAD_PRIO_INHERIT=1 -DHAVE_PTHREAD=1 -DSC_HAVE_POSIX_MEMALIGN=1 -DSTDC_HEADERS=1 -DHAVE_SYS_TYPES_H=1 -DHAVE_SYS_STAT_H=1 -DHAVE_STDLIB_H=1 -DHAVE_STRING_H=1 -DHAVE_MEMORY_H=1 -DHAVE_STRINGS_H=1 -DHAVE_INTTYPES_H=1 -DHAVE_STDINT_H=1 -DHAVE_UNISTD_H=1 -DHAVE_DLFCN_H=1 -DLT_OBJDIR=\".libs/\"'
DEPDIR='.deps'
DISABLE_ASYNC_UPDATES_FALSE=''
DISABLE_ASYNC_UPDATES_TRUE='#'
DISABLE_VCD_SCOPES_FALSE=''
DISABLE_VCD_SCOPES_TRUE='#'
DLLTOOL='false'
DSYMUTIL=''
DUMPBIN=''
ECHO_C=''
ECHO_N='-n'
ECHO_T=''
EGREP='/usr/bin/grep -E'
ENABLE_CALLBACKS_FALSE=''
ENABLE_CALLBACKS_TRACING_FALSE=''
ENABLE_CALLBACKS_TRACING_TRUE='#'
ENABLE_CALLBACKS_TRUE='#'
ENABLE_LEGACY_MEM_MGMT_FALSE=''
ENABLE_LEGACY_MEM_MGMT_TRUE='#'
EXEEXT=''
EXPLICIT_LPTHREAD='-lpthread'
EXTRA_ASFLAGS='-xassembler-with-cpp -m64'
EXTRA_CFLAGS='-Wall -m64 -xc'
EXTRA_CXXFLAGS='-Wall -m64'
EXTRA_LDFLAGS=''
FGREP='/usr/bin/grep -F'
GREP='/usr/bin/grep'
INSTALL_DATA='${INSTALL} -m 644'
INSTALL_PROGRAM='${INSTALL}'
INSTALL_SCRIPT='${INSTALL}'
INSTALL_STRIP_PROGRAM='$(install_sh) -c -s'
LD='/usr/bin/ld -m elf_x86_64'
LDFLAGS=''
LDFLAG_RPATH='-Wl,-rpath='
LIBCONFIG_DEFINES=''
LIBOBJS=''
LIBS=''
LIBTOOL='$(SHELL) $(top_builddir)/libtool'
LIB_ARCH_SUFFIX='-${TARGET_ARCH}'
LIPO=''
LN_S='ln -s'
LTLIBOBJS=''
MAKEINFO='${SHELL} /home/ishna/FYP/ibex/systemc-2.3.4/config/missing makeinfo'
MANIFEST_TOOL=':'
MKDIR_P='/usr/bin/mkdir -p'
NM='/usr/bin/nm -B'
NMEDIT=''
OBJDUMP='objdump'
OBJEXT='o'
OPT_CXXFLAGS='-O3'
OTOOL64=''
OTOOL=''
PACKAGE='systemc'
PACKAGE_BUGREPORT='http://forums.accellera.org/forum/9-systemc/'
PACKAGE_NAME='SystemC'
PACKAGE_STRING='SystemC 2.3.4'
PACKAGE_TARNAME='systemc'
PACKAGE_URL='http://accellera.org/'
PACKAGE_VERSION='2.3.4'
PATH_SEPARATOR=':'
PKGCONFIG_CFLAGS='-pthread'
PKGCONFIG_DEFINES=''
PKGCONFIG_LDPRIV=' -lpthread'
PTHREAD_CC='g++'
PTHREAD_CFLAGS='-pthread'
PTHREAD_LIBS=''
QT_ARCH='x86_64'
QT_ARCH_AARCH64_FALSE=''
QT_ARCH_AARCH64_TRUE='#'
QT_ARCH_HPPA_FALSE=''
QT_ARCH_HPPA_TRUE='#'
QT_ARCH_POWERPC_MACOSX_FALSE=''
QT_ARCH_POWERPC_MACOSX_TRUE='#'
QT_ARCH_SPARC_FALSE=''
QT_ARCH_SPARC_TRUE='#'
QT_ARCH_X86_64_FALSE='#'
QT_ARCH_X86_64_TRUE=''
QT_ARCH_X86_FALSE=''
QT_ARCH_X86_TRUE='#'
RANLIB='ranlib'
SED='/usr/bin/sed'
SEPARATE_BUILD_TREE_FALSE=''
SEPARATE_BUILD_TREE_TRUE='#'
SEPARATE_INSTALL_TREE_FALSE=''
SEPARATE_INSTALL_TREE_TRUE='#'
SET_MAKE=''
SHELL='/bin/bash'
STRIP='strip'
TARGET_ARCH='linux64'
TLM_PACKAGE_VERSION='2.0.6'
USES_PTHREADS_LIB_FALSE='#'
USES_PTHREADS_LIB_TRUE=''
VERSION='2.3.4'
WANT_DEBUG_FALSE=''
WANT_DEBUG_TRUE='#'
WANT_OPTIMIZE_FALSE='#'
WANT_OPTIMIZE_TRUE=''
WANT_PTHREADS_THREADS_FALSE=''
WANT_PTHREADS_THREADS_TRUE='#'
WANT_QT_THREADS_FALSE='#'
WANT_QT_THREADS_TRUE=''
ac_ct_AR='ar'
ac_ct_CC='g++'
ac_ct_CXX=''
ac_ct_DUMPBIN=''
am__EXEEXT_FALSE=''
am__EXEEXT_TRUE='#'
am__fastdepCCAS_FALSE='#'
am__fastdepCCAS_TRUE=''
am__fastdepCC_FALSE='#'
am__fastdepCC_TRUE=''
am__fastdepCXX_FALSE='#'
am__fastdepCXX_TRUE=''
am__include='include'
am__isrc=''
am__leading_dot='.'
am__nodep='_no'
am__quote=''
am__tar='tar --format=posix -chf - "$$tardir"'
am__untar='tar -xf -'
ax_pthread_config=''
bindir='${exec_prefix}/bin'
build='x86_64-unknown-linux-gnu'
build_alias=''
build_cpu='x86_64'
build_os='linux-gnu'
build_vendor='unknown'
datadir='${prefix}'
datarootdir='${prefix}'
docdir='${prefix}/docs'
dvidir='${docdir}'
examplesdir='${rootdocdir}/examples'
exec_prefix='${prefix}'
host='x86_64-unknown-linux-gnu'
host_alias=''
host_cpu='x86_64'
host_os='linux-gnu'
host_vendor='unknown'
htmldir='${docdir}'
includedir='${prefix}/include'
infodir='${datarootdir}/info'
install_sh='${SHELL} /home/ishna/FYP/ibex/systemc-2.3.4/config/install-sh'
libarchdir='${libdir}${LIB_ARCH_SUFFIX}'
libdir='${exec_prefix}/lib'
libexecdir='${exec_prefix}/libexec'
localedir='${datarootdir}/locale'
localstatedir='${prefix}/var'
mandir='${datarootdir}/man'
mkdir_p='$(MKDIR_P)'
oldincludedir='/usr/include'
pdfdir='${docdir}'
prefix='/home/ishna/FYP/ibex/systemc-2.3.4'
program_transform_name='s,x,x,'
psdir='${docdir}'
rootdocdir='${prefix}'
runstatedir='${localstatedir}/run'
sbindir='${exec_prefix}/sbin'
sharedstatedir='${prefix}/com'
sysconfdir='${prefix}/etc'
target='x86_64-unknown-linux-gnu'
target_alias=''
target_cpu='x86_64'
target_os='linux-gnu'
target_vendor='unknown'

## ----------- ##
## confdefs.h. ##
## ----------- ##

/* confdefs.h */
#define PACKAGE_NAME "SystemC"
#define PACKAGE_TARNAME "systemc"
#define PACKAGE_VERSION "2.3.4"
#define PACKAGE_STRING "SystemC 2.3.4"
#define PACKAGE_BUGREPORT "http://forums.accellera.org/forum/9-systemc/"
#define PACKAGE_URL "http://accellera.org/"
#define HAVE_PTHREAD_PRIO_INHERIT 1
#define HAVE_PTHREAD 1
#define SC_HAVE_POSIX_MEMALIGN 1
#define STDC_HEADERS 1
#define HAVE_SYS_TYPES_H 1
#define HAVE_SYS_STAT_H 1
#define HAVE_STDLIB_H 1
#define HAVE_STRING_H 1
#define HAVE_MEMORY_H 1
#define HAVE_STRINGS_H 1
#define HAVE_INTTYPES_H 1
#define HAVE_STDINT_H 1
#define HAVE_UNISTD_H 1
#define HAVE_DLFCN_H 1
#define LT_OBJDIR ".libs/"

configure: exit 0
